# JRE version: OpenJDK Runtime Environment Temurin-17.0.4.1+1 (17.0.4.1+1) (build 17.0.4.1+1)
# Java VM: OpenJDK 64-Bit Server VM Temurin-17.0.4.1+1 (17.0.4.1+1, mixed mode, emulated-client, tiered, compressed oops, compressed class ptrs, g1 gc, windows-amd64)
GC Precious Log:
 CPUs: 8 total, 8 available
 Memory: 7629M
 Large Page Support: Disabled
 NUMA Support: Disabled
 Compressed Oops: Enabled (32-bit)
 Heap Region Size: 1M
 Heap Min Capacity: 8M
 Heap Initial Capacity: 120M
 Heap Max Capacity: 1908M
 Pre-touch: Disabled
 Parallel Workers: 8
 Concurrent Workers: 2
 Concurrent Refinement Workers: 8
 Periodic GC: Disabled
Heap:
 garbage-first heap   total 112640K, used 32693K [0x0000000088c00000, 0x0000000100000000)
  region size 1024K, 1 young (1024K), 0 survivors (0K)
 Metaspace       used 53094K, committed 53696K, reserved 1097728K
  class space    used 7044K, committed 7296K, reserved 1048576K
GC Heap History (20 events):
Event: 243.140 GC heap before
{Heap before GC invocations=57 (full 7):
 garbage-first heap   total 133120K, used 35970K [0x0000000088c00000, 0x0000000100000000)
  region size 1024K, 1 young (1024K), 0 survivors (0K)
 Metaspace       used 53212K, committed 53696K, reserved 1097728K
  class space    used 7071K, committed 7296K, reserved 1048576K
}
Event: 243.234 GC heap after
{Heap after GC invocations=58 (full 8):
 garbage-first heap   total 122880K, used 33702K [0x0000000088c00000, 0x0000000100000000)
  region size 1024K, 0 young (0K), 0 survivors (0K)
 Metaspace       used 53129K, committed 53696K, reserved 1097728K
  class space    used 7050K, committed 7296K, reserved 1048576K
}
Event: 253.822 GC heap before
{Heap before GC invocations=58 (full 8):
 garbage-first heap   total 122880K, used 33702K [0x0000000088c00000, 0x0000000100000000)
  region size 1024K, 1 young (1024K), 0 survivors (0K)
 Metaspace       used 53129K, committed 53696K, reserved 1097728K
  class space    used 7050K, committed 7296K, reserved 1048576K
}
Event: 253.897 GC heap after
{Heap after GC invocations=59 (full 9):
 garbage-first heap   total 119808K, used 33702K [0x0000000088c00000, 0x0000000100000000)
  region size 1024K, 0 young (0K), 0 survivors (0K)
 Metaspace       used 53129K, committed 53696K, reserved 1097728K
  class space    used 7050K, committed 7296K, reserved 1048576K
}
Event: 264.839 GC heap before
{Heap before GC invocations=59 (full 9):
 garbage-first heap   total 119808K, used 33702K [0x0000000088c00000, 0x0000000100000000)
  region size 1024K, 1 young (1024K), 0 survivors (0K)
 Metaspace       used 53129K, committed 53696K, reserved 1097728K
  class space    used 7050K, committed 7296K, reserved 1048576K
}
Event: 264.946 GC heap after
{Heap after GC invocations=60 (full 10):
 garbage-first heap   total 112640K, used 33311K [0x0000000088c00000, 0x0000000100000000)
  region size 1024K, 0 young (0K), 0 survivors (0K)
 Metaspace       used 53127K, committed 53696K, reserved 1097728K
  class space    used 7050K, committed 7296K, reserved 1048576K
}
Event: 275.960 GC heap before
{Heap before GC invocations=60 (full 10):
 garbage-first heap   total 112640K, used 33311K [0x0000000088c00000, 0x0000000100000000)
  region size 1024K, 1 young (1024K), 0 survivors (0K)
 Metaspace       used 53127K, committed 53696K, reserved 1097728K
  class space    used 7050K, committed 7296K, reserved 1048576K
}
Event: 276.054 GC heap after
{Heap after GC invocations=61 (full 11):
 garbage-first heap   total 112640K, used 32693K [0x0000000088c00000, 0x0000000100000000)
  region size 1024K, 0 young (0K), 0 survivors (0K)
 Metaspace       used 53094K, committed 53696K, reserved 1097728K
  class space    used 7044K, committed 7296K, reserved 1048576K
}
Event: 286.575 GC heap before
{Heap before GC invocations=61 (full 11):
 garbage-first heap   total 112640K, used 32693K [0x0000000088c00000, 0x0000000100000000)
  region size 1024K, 1 young (1024K), 0 survivors (0K)
 Metaspace       used 53094K, committed 53696K, reserved 1097728K
  class space    used 7044K, committed 7296K, reserved 1048576K
}
Event: 286.657 GC heap after
{Heap after GC invocations=62 (full 12):
 garbage-first heap   total 112640K, used 32693K [0x0000000088c00000, 0x0000000100000000)
  region size 1024K, 0 young (0K), 0 survivors (0K)
 Metaspace       used 53094K, committed 53696K, reserved 1097728K
  class space    used 7044K, committed 7296K, reserved 1048576K
}
Event: 297.315 GC heap before
{Heap before GC invocations=62 (full 12):
 garbage-first heap   total 112640K, used 32693K [0x0000000088c00000, 0x0000000100000000)
  region size 1024K, 1 young (1024K), 0 survivors (0K)
 Metaspace       used 53094K, committed 53696K, reserved 1097728K
  class space    used 7044K, committed 7296K, reserved 1048576K
}
Event: 297.398 GC heap after
{Heap after GC invocations=63 (full 13):
 garbage-first heap   total 112640K, used 32693K [0x0000000088c00000, 0x0000000100000000)
  region size 1024K, 0 young (0K), 0 survivors (0K)
 Metaspace       used 53094K, committed 53696K, reserved 1097728K
  class space    used 7044K, committed 7296K, reserved 1048576K
}
Event: 308.078 GC heap before
{Heap before GC invocations=63 (full 13):
 garbage-first heap   total 112640K, used 32693K [0x0000000088c00000, 0x0000000100000000)
  region size 1024K, 1 young (1024K), 0 survivors (0K)
 Metaspace       used 53094K, committed 53696K, reserved 1097728K
  class space    used 7044K, committed 7296K, reserved 1048576K
}
Event: 308.181 GC heap after
{Heap after GC invocations=64 (full 14):
 garbage-first heap   total 112640K, used 32693K [0x0000000088c00000, 0x0000000100000000)
  region size 1024K, 0 young (0K), 0 survivors (0K)
 Metaspace       used 53094K, committed 53696K, reserved 1097728K
  class space    used 7044K, committed 7296K, reserved 1048576K
}
Event: 319.084 GC heap before
{Heap before GC invocations=64 (full 14):
 garbage-first heap   total 112640K, used 32693K [0x0000000088c00000, 0x0000000100000000)
  region size 1024K, 1 young (1024K), 0 survivors (0K)
 Metaspace       used 53094K, committed 53696K, reserved 1097728K
  class space    used 7044K, committed 7296K, reserved 1048576K
}
Event: 319.195 GC heap after
{Heap after GC invocations=65 (full 15):
 garbage-first heap   total 112640K, used 32693K [0x0000000088c00000, 0x0000000100000000)
  region size 1024K, 0 young (0K), 0 survivors (0K)
 Metaspace       used 53094K, committed 53696K, reserved 1097728K
  class space    used 7044K, committed 7296K, reserved 1048576K
}
Event: 329.732 GC heap before
{Heap before GC invocations=65 (full 15):
 garbage-first heap   total 112640K, used 32693K [0x0000000088c00000, 0x0000000100000000)
  region size 1024K, 1 young (1024K), 0 survivors (0K)
 Metaspace       used 53094K, committed 53696K, reserved 1097728K
  class space    used 7044K, committed 7296K, reserved 1048576K
}
Event: 329.832 GC heap after
{Heap after GC invocations=66 (full 16):
 garbage-first heap   total 112640K, used 32693K [0x0000000088c00000, 0x0000000100000000)
  region size 1024K, 0 young (0K), 0 survivors (0K)
 Metaspace       used 53094K, committed 53696K, reserved 1097728K
  class space    used 7044K, committed 7296K, reserved 1048576K
}
Event: 341.073 GC heap before
{Heap before GC invocations=66 (full 16):
 garbage-first heap   total 112640K, used 32693K [0x0000000088c00000, 0x0000000100000000)
  region size 1024K, 1 young (1024K), 0 survivors (0K)
 Metaspace       used 53094K, committed 53696K, reserved 1097728K
  class space    used 7044K, committed 7296K, reserved 1048576K
}
Event: 341.180 GC heap after
{Heap after GC invocations=67 (full 17):
 garbage-first heap   total 112640K, used 32693K [0x0000000088c00000, 0x0000000100000000)
  region size 1024K, 0 young (0K), 0 survivors (0K)
 Metaspace       used 53094K, committed 53696K, reserved 1097728K
  class space    used 7044K, committed 7296K, reserved 1048576K
}

