# JRE version: OpenJDK Runtime Environment Temurin-17.0.4.1+1 (17.0.4.1+1) (build 17.0.4.1+1)
# Java VM: OpenJDK 64-Bit Server VM Temurin-17.0.4.1+1 (17.0.4.1+1, mixed mode, emulated-client, tiered, compressed oops, compressed class ptrs, g1 gc, windows-amd64)
GC Precious Log:
 CPUs: 8 total, 8 available
 Memory: 7629M
 Large Page Support: Disabled
 NUMA Support: Disabled
 Compressed Oops: Enabled (32-bit)
 Heap Region Size: 1M
 Heap Min Capacity: 8M
 Heap Initial Capacity: 120M
 Heap Max Capacity: 1908M
 Pre-touch: Disabled
 Parallel Workers: 8
 Concurrent Workers: 2
 Concurrent Refinement Workers: 8
 Periodic GC: Disabled
Heap:
 garbage-first heap   total 218112K, used 77241K [0x0000000088c00000, 0x0000000100000000)
  region size 1024K, 11 young (11264K), 11 survivors (11264K)
 Metaspace       used 38122K, committed 38464K, reserved 1089536K
  class space    used 4824K, committed 4928K, reserved 1048576K
GC Heap History (20 events):
Event: 13.527 GC heap after
{Heap after GC invocations=12 (full 0):
 garbage-first heap   total 87040K, used 27256K [0x0000000088c00000, 0x0000000100000000)
  region size 1024K, 2 young (2048K), 2 survivors (2048K)
 Metaspace       used 35808K, committed 36160K, reserved 1081344K
  class space    used 4642K, committed 4800K, reserved 1048576K
}
Event: 13.790 GC heap before
{Heap before GC invocations=13 (full 0):
 garbage-first heap   total 87040K, used 62072K [0x0000000088c00000, 0x0000000100000000)
  region size 1024K, 36 young (36864K), 2 survivors (2048K)
 Metaspace       used 36256K, committed 36608K, reserved 1081344K
  class space    used 4683K, committed 4864K, reserved 1048576K
}
Event: 13.799 GC heap after
{Heap after GC invocations=14 (full 0):
 garbage-first heap   total 87040K, used 32768K [0x0000000088c00000, 0x0000000100000000)
  region size 1024K, 5 young (5120K), 5 survivors (5120K)
 Metaspace       used 36256K, committed 36608K, reserved 1081344K
  class space    used 4683K, committed 4864K, reserved 1048576K
}
Event: 13.971 GC heap before
{Heap before GC invocations=14 (full 0):
 garbage-first heap   total 87040K, used 60416K [0x0000000088c00000, 0x0000000100000000)
  region size 1024K, 33 young (33792K), 5 survivors (5120K)
 Metaspace       used 36361K, committed 36736K, reserved 1081344K
  class space    used 4685K, committed 4864K, reserved 1048576K
}
Event: 13.987 GC heap after
{Heap after GC invocations=15 (full 0):
 garbage-first heap   total 87040K, used 41136K [0x0000000088c00000, 0x0000000100000000)
  region size 1024K, 5 young (5120K), 5 survivors (5120K)
 Metaspace       used 36361K, committed 36736K, reserved 1081344K
  class space    used 4685K, committed 4864K, reserved 1048576K
}
Event: 14.109 GC heap before
{Heap before GC invocations=15 (full 0):
 garbage-first heap   total 87040K, used 62640K [0x0000000088c00000, 0x0000000100000000)
  region size 1024K, 26 young (26624K), 5 survivors (5120K)
 Metaspace       used 36422K, committed 36800K, reserved 1081344K
  class space    used 4693K, committed 4864K, reserved 1048576K
}
Event: 14.119 GC heap after
{Heap after GC invocations=16 (full 0):
 garbage-first heap   total 87040K, used 46064K [0x0000000088c00000, 0x0000000100000000)
  region size 1024K, 4 young (4096K), 4 survivors (4096K)
 Metaspace       used 36422K, committed 36800K, reserved 1081344K
  class space    used 4693K, committed 4864K, reserved 1048576K
}
Event: 14.721 GC heap before
{Heap before GC invocations=16 (full 0):
 garbage-first heap   total 87040K, used 61424K [0x0000000088c00000, 0x0000000100000000)
  region size 1024K, 21 young (21504K), 4 survivors (4096K)
 Metaspace       used 36986K, committed 37312K, reserved 1081344K
  class space    used 4751K, committed 4928K, reserved 1048576K
}
Event: 14.733 GC heap after
{Heap after GC invocations=17 (full 0):
 garbage-first heap   total 87040K, used 49575K [0x0000000088c00000, 0x0000000100000000)
  region size 1024K, 3 young (3072K), 3 survivors (3072K)
 Metaspace       used 36986K, committed 37312K, reserved 1081344K
  class space    used 4751K, committed 4928K, reserved 1048576K
}
Event: 14.876 GC heap before
{Heap before GC invocations=18 (full 0):
 garbage-first heap   total 102400K, used 66983K [0x0000000088c00000, 0x0000000100000000)
  region size 1024K, 19 young (19456K), 3 survivors (3072K)
 Metaspace       used 37124K, committed 37440K, reserved 1081344K
  class space    used 4758K, committed 4928K, reserved 1048576K
}
Event: 14.890 GC heap after
{Heap after GC invocations=19 (full 0):
 garbage-first heap   total 102400K, used 59501K [0x0000000088c00000, 0x0000000100000000)
  region size 1024K, 3 young (3072K), 3 survivors (3072K)
 Metaspace       used 37124K, committed 37440K, reserved 1081344K
  class space    used 4758K, committed 4928K, reserved 1048576K
}
Event: 14.906 GC heap before
{Heap before GC invocations=19 (full 0):
 garbage-first heap   total 102400K, used 61549K [0x0000000088c00000, 0x0000000100000000)
  region size 1024K, 5 young (5120K), 3 survivors (3072K)
 Metaspace       used 37142K, committed 37504K, reserved 1081344K
  class space    used 4760K, committed 4928K, reserved 1048576K
}
Event: 14.917 GC heap after
{Heap after GC invocations=20 (full 0):
 garbage-first heap   total 218112K, used 60578K [0x0000000088c00000, 0x0000000100000000)
  region size 1024K, 1 young (1024K), 1 survivors (1024K)
 Metaspace       used 37142K, committed 37504K, reserved 1081344K
  class space    used 4760K, committed 4928K, reserved 1048576K
}
Event: 15.075 GC heap before
{Heap before GC invocations=20 (full 0):
 garbage-first heap   total 218112K, used 128162K [0x0000000088c00000, 0x0000000100000000)
  region size 1024K, 69 young (70656K), 1 survivors (1024K)
 Metaspace       used 37387K, committed 37696K, reserved 1089536K
  class space    used 4776K, committed 4928K, reserved 1048576K
}
Event: 15.108 GC heap after
{Heap after GC invocations=21 (full 0):
 garbage-first heap   total 218112K, used 66345K [0x0000000088c00000, 0x0000000100000000)
  region size 1024K, 7 young (7168K), 7 survivors (7168K)
 Metaspace       used 37387K, committed 37696K, reserved 1089536K
  class space    used 4776K, committed 4928K, reserved 1048576K
}
Event: 15.160 GC heap before
{Heap before GC invocations=21 (full 0):
 garbage-first heap   total 218112K, used 140073K [0x0000000088c00000, 0x0000000100000000)
  region size 1024K, 80 young (81920K), 7 survivors (7168K)
 Metaspace       used 37489K, committed 37824K, reserved 1089536K
  class space    used 4789K, committed 4928K, reserved 1048576K
}
Event: 15.190 GC heap after
{Heap after GC invocations=22 (full 0):
 garbage-first heap   total 218112K, used 69830K [0x0000000088c00000, 0x0000000100000000)
  region size 1024K, 4 young (4096K), 4 survivors (4096K)
 Metaspace       used 37489K, committed 37824K, reserved 1089536K
  class space    used 4789K, committed 4928K, reserved 1048576K
}
Event: 15.465 GC heap before
{Heap before GC invocations=22 (full 0):
 garbage-first heap   total 218112K, used 156870K [0x0000000088c00000, 0x0000000100000000)
  region size 1024K, 90 young (92160K), 4 survivors (4096K)
 Metaspace       used 37940K, committed 38208K, reserved 1089536K
  class space    used 4805K, committed 4928K, reserved 1048576K
}
Event: 15.472 GC heap after
{Heap after GC invocations=23 (full 0):
 garbage-first heap   total 218112K, used 72593K [0x0000000088c00000, 0x0000000100000000)
  region size 1024K, 7 young (7168K), 7 survivors (7168K)
 Metaspace       used 37940K, committed 38208K, reserved 1089536K
  class space    used 4805K, committed 4928K, reserved 1048576K
}
Event: 15.762 GC heap before
{Heap before GC invocations=23 (full 0):
 garbage-first heap   total 218112K, used 163729K [0x0000000088c00000, 0x0000000100000000)
  region size 1024K, 97 young (99328K), 7 survivors (7168K)
 Metaspace       used 38122K, committed 38464K, reserved 1089536K
  class space    used 4824K, committed 4928K, reserved 1048576K
}

