# JRE version: OpenJDK Runtime Environment Temurin-17.0.4.1+1 (17.0.4.1+1) (build 17.0.4.1+1)
# Java VM: OpenJDK 64-Bit Server VM Temurin-17.0.4.1+1 (17.0.4.1+1, mixed mode, emulated-client, tiered, compressed oops, compressed class ptrs, g1 gc, windows-amd64)
GC Precious Log:
 CPUs: 8 total, 8 available
 Memory: 7629M
 Large Page Support: Disabled
 NUMA Support: Disabled
 Compressed Oops: Enabled (32-bit)
 Heap Region Size: 1M
 Heap Min Capacity: 8M
 Heap Initial Capacity: 120M
 Heap Max Capacity: 1908M
 Pre-touch: Disabled
 Parallel Workers: 8
 Concurrent Workers: 2
 Concurrent Refinement Workers: 8
 Periodic GC: Disabled
Heap:
 garbage-first heap   total 280576K, used 111010K [0x0000000088c00000, 0x0000000100000000)
  region size 1024K, 11 young (11264K), 11 survivors (11264K)
 Metaspace       used 39244K, committed 39616K, reserved 1089536K
  class space    used 5000K, committed 5184K, reserved 1048576K
GC Heap History (20 events):
Event: 43.873 GC heap after
{Heap after GC invocations=20 (full 0):
 garbage-first heap   total 119808K, used 68401K [0x0000000088c00000, 0x0000000100000000)
  region size 1024K, 5 young (5120K), 5 survivors (5120K)
 Metaspace       used 38616K, committed 38976K, reserved 1089536K
  class space    used 4874K, committed 5056K, reserved 1048576K
}
Event: 43.929 GC heap before
{Heap before GC invocations=20 (full 0):
 garbage-first heap   total 119808K, used 88881K [0x0000000088c00000, 0x0000000100000000)
  region size 1024K, 26 young (26624K), 5 survivors (5120K)
 Metaspace       used 38627K, committed 38976K, reserved 1089536K
  class space    used 4876K, committed 5056K, reserved 1048576K
}
Event: 43.935 GC heap after
{Heap after GC invocations=21 (full 0):
 garbage-first heap   total 119808K, used 71073K [0x0000000088c00000, 0x0000000100000000)
  region size 1024K, 2 young (2048K), 2 survivors (2048K)
 Metaspace       used 38627K, committed 38976K, reserved 1089536K
  class space    used 4876K, committed 5056K, reserved 1048576K
}
Event: 43.996 GC heap before
{Heap before GC invocations=21 (full 0):
 garbage-first heap   total 119808K, used 91553K [0x0000000088c00000, 0x0000000100000000)
  region size 1024K, 23 young (23552K), 2 survivors (2048K)
 Metaspace       used 38640K, committed 38976K, reserved 1089536K
  class space    used 4878K, committed 5056K, reserved 1048576K
}
Event: 44.006 GC heap after
{Heap after GC invocations=22 (full 0):
 garbage-first heap   total 280576K, used 71425K [0x0000000088c00000, 0x0000000100000000)
  region size 1024K, 3 young (3072K), 3 survivors (3072K)
 Metaspace       used 38640K, committed 38976K, reserved 1089536K
  class space    used 4878K, committed 5056K, reserved 1048576K
}
Event: 44.732 GC heap before
{Heap before GC invocations=23 (full 0):
 garbage-first heap   total 280576K, used 186113K [0x0000000088c00000, 0x0000000100000000)
  region size 1024K, 117 young (119808K), 3 survivors (3072K)
 Metaspace       used 39007K, committed 39360K, reserved 1089536K
  class space    used 4937K, committed 5120K, reserved 1048576K
}
Event: 44.741 GC heap after
{Heap after GC invocations=24 (full 0):
 garbage-first heap   total 280576K, used 75475K [0x0000000088c00000, 0x0000000100000000)
  region size 1024K, 7 young (7168K), 7 survivors (7168K)
 Metaspace       used 39007K, committed 39360K, reserved 1089536K
  class space    used 4937K, committed 5120K, reserved 1048576K
}
Event: 44.764 GC heap before
{Heap before GC invocations=24 (full 0):
 garbage-first heap   total 280576K, used 80595K [0x0000000088c00000, 0x0000000100000000)
  region size 1024K, 13 young (13312K), 7 survivors (7168K)
 Metaspace       used 39038K, committed 39424K, reserved 1089536K
  class space    used 4944K, committed 5120K, reserved 1048576K
}
Event: 44.770 GC heap after
{Heap after GC invocations=25 (full 0):
 garbage-first heap   total 280576K, used 74584K [0x0000000088c00000, 0x0000000100000000)
  region size 1024K, 1 young (1024K), 1 survivors (1024K)
 Metaspace       used 39038K, committed 39424K, reserved 1089536K
  class space    used 4944K, committed 5120K, reserved 1048576K
}
Event: 45.428 GC heap before
{Heap before GC invocations=25 (full 0):
 garbage-first heap   total 280576K, used 207704K [0x0000000088c00000, 0x0000000100000000)
  region size 1024K, 131 young (134144K), 1 survivors (1024K)
 Metaspace       used 39062K, committed 39424K, reserved 1089536K
  class space    used 4950K, committed 5120K, reserved 1048576K
}
Event: 45.435 GC heap after
{Heap after GC invocations=26 (full 0):
 garbage-first heap   total 280576K, used 80140K [0x0000000088c00000, 0x0000000100000000)
  region size 1024K, 6 young (6144K), 6 survivors (6144K)
 Metaspace       used 39062K, committed 39424K, reserved 1089536K
  class space    used 4950K, committed 5120K, reserved 1048576K
}
Event: 45.728 GC heap before
{Heap before GC invocations=26 (full 0):
 garbage-first heap   total 280576K, used 212236K [0x0000000088c00000, 0x0000000100000000)
  region size 1024K, 136 young (139264K), 6 survivors (6144K)
 Metaspace       used 39062K, committed 39424K, reserved 1089536K
  class space    used 4950K, committed 5120K, reserved 1048576K
}
Event: 45.741 GC heap after
{Heap after GC invocations=27 (full 0):
 garbage-first heap   total 280576K, used 86694K [0x0000000088c00000, 0x0000000100000000)
  region size 1024K, 12 young (12288K), 12 survivors (12288K)
 Metaspace       used 39062K, committed 39424K, reserved 1089536K
  class space    used 4950K, committed 5120K, reserved 1048576K
}
Event: 46.122 GC heap before
{Heap before GC invocations=27 (full 0):
 garbage-first heap   total 280576K, used 217766K [0x0000000088c00000, 0x0000000100000000)
  region size 1024K, 141 young (144384K), 12 survivors (12288K)
 Metaspace       used 39063K, committed 39424K, reserved 1089536K
  class space    used 4950K, committed 5120K, reserved 1048576K
}
Event: 46.137 GC heap after
{Heap after GC invocations=28 (full 0):
 garbage-first heap   total 280576K, used 93153K [0x0000000088c00000, 0x0000000100000000)
  region size 1024K, 13 young (13312K), 13 survivors (13312K)
 Metaspace       used 39063K, committed 39424K, reserved 1089536K
  class space    used 4950K, committed 5120K, reserved 1048576K
}
Event: 46.649 GC heap before
{Heap before GC invocations=28 (full 0):
 garbage-first heap   total 280576K, used 223201K [0x0000000088c00000, 0x0000000100000000)
  region size 1024K, 141 young (144384K), 13 survivors (13312K)
 Metaspace       used 39063K, committed 39424K, reserved 1089536K
  class space    used 4950K, committed 5120K, reserved 1048576K
}
Event: 46.661 GC heap after
{Heap after GC invocations=29 (full 0):
 garbage-first heap   total 280576K, used 100710K [0x0000000088c00000, 0x0000000100000000)
  region size 1024K, 14 young (14336K), 14 survivors (14336K)
 Metaspace       used 39063K, committed 39424K, reserved 1089536K
  class space    used 4950K, committed 5120K, reserved 1048576K
}
Event: 47.220 GC heap before
{Heap before GC invocations=29 (full 0):
 garbage-first heap   total 280576K, used 225638K [0x0000000088c00000, 0x0000000100000000)
  region size 1024K, 137 young (140288K), 14 survivors (14336K)
 Metaspace       used 39244K, committed 39616K, reserved 1089536K
  class space    used 5000K, committed 5184K, reserved 1048576K
}
Event: 47.235 GC heap after
{Heap after GC invocations=30 (full 0):
 garbage-first heap   total 280576K, used 106783K [0x0000000088c00000, 0x0000000100000000)
  region size 1024K, 14 young (14336K), 14 survivors (14336K)
 Metaspace       used 39244K, committed 39616K, reserved 1089536K
  class space    used 5000K, committed 5184K, reserved 1048576K
}
Event: 47.754 GC heap before
{Heap before GC invocations=30 (full 0):
 garbage-first heap   total 280576K, used 227615K [0x0000000088c00000, 0x0000000100000000)
  region size 1024K, 133 young (136192K), 14 survivors (14336K)
 Metaspace       used 39244K, committed 39616K, reserved 1089536K
  class space    used 5000K, committed 5184K, reserved 1048576K
}

